Build started 7/8/2016 3:03:37 PM.
     1>Project "C:\Users\andre\Google Drive\Game Dev\VolRender\VolRender\VolRender.vcxproj" on node 2 (Build target(s)).
     1>ClCompile:
         C:\Program Files (x86)\Microsoft Visual Studio 14.0\VC\bin\CL.exe /c /ZI /nologo /W3 /WX- /Od /Oy- /D WIN32 /D _DEBUG /D _CONSOLE /D _UNICODE /D UNICODE /Gm /EHsc /RTC1 /MDd /GS /fp:precise /Zc:wchar_t /Zc:forScope /Zc:inline /Fo"Debug\\" /Fd"Debug\vc140.pdb" /Gd /TP /analyze- /errorReport:prompt Main.cpp
         Main.cpp
     1>c:\users\andre\google drive\game dev\volrender\volrender\main.cpp(254): warning C4996: 'sprintf': This function or variable may be unsafe. Consider using sprintf_s instead. To disable deprecation, use _CRT_SECURE_NO_WARNINGS. See online help for details.
         c:\program files (x86)\windows kits\10\include\10.0.10150.0\ucrt\stdio.h(1769): note: see declaration of 'sprintf'
       Link:
         C:\Program Files (x86)\Microsoft Visual Studio 14.0\VC\bin\link.exe /ERRORREPORT:PROMPT /OUT:"C:\Users\andre\Google Drive\Game Dev\VolRender\Debug\VolRender.exe" /INCREMENTAL /NOLOGO opengl32.lib glui32.lib glut32.lib glew32d.lib kernel32.lib user32.lib gdi32.lib winspool.lib comdlg32.lib advapi32.lib shell32.lib ole32.lib oleaut32.lib uuid.lib odbc32.lib odbccp32.lib /MANIFEST /MANIFESTUAC:"level='asInvoker' uiAccess='false'" /manifest:embed /Debug /PDB:"C:\Users\andre\Google Drive\Game Dev\VolRender\Debug\VolRender.pdb" /SUBSYSTEM:CONSOLE /TLBID:1 /DYNAMICBASE /NXCOMPAT /IMPLIB:"C:\Users\andre\Google Drive\Game Dev\VolRender\Debug\VolRender.lib" /MACHINE:X86 Debug\GLee.obj
         Debug\gltools.obj
         Debug\math3d.obj
         Debug\textfile.obj
         Debug\Main.obj
         Debug\RayCaster.obj
         Debug\Utilities.obj
         Debug\Volume.obj
         VolRender.vcxproj -> C:\Users\andre\Google Drive\Game Dev\VolRender\Debug\VolRender.exe
     1>Done Building Project "C:\Users\andre\Google Drive\Game Dev\VolRender\VolRender\VolRender.vcxproj" (Build target(s)).

Build succeeded.

Time Elapsed 00:00:02.26
